<?xml version="1.0" encoding="UTF-8" ?>
<testsuite tests="3" failures="0" name="cucumber.options.TestRunner" time="15.125" errors="0" skipped="0">
  <properties>
[...]
</properties>
  <testcase classname="Validate place api" name="Verify if Place is being Succesfully added using AddPlaceAPI #1" time="12.773"/>
  <testcase classname="Validate place api" name="Verify if Place is being Succesfully added using AddPlaceAPI #2" time="1.167"/>
  <testcase classname="Validate place api" name="Verify if Delete Place functionality is working" time="1.185"/>
</testsuite>